[2025-06-21T09:24:10.448+0000] {local_task_job_runner.py:120} INFO - ::group::Pre task execution logs
[2025-06-21T09:24:10.463+0000] {taskinstance.py:2076} INFO - Dependencies all met for dep_context=non-requeueable deps ti=<TaskInstance: twitter_etl_dag.load_to_azure manual__2025-06-21T09:24:06.272780+00:00 [queued]>
[2025-06-21T09:24:10.468+0000] {taskinstance.py:2076} INFO - Dependencies all met for dep_context=requeueable deps ti=<TaskInstance: twitter_etl_dag.load_to_azure manual__2025-06-21T09:24:06.272780+00:00 [queued]>
[2025-06-21T09:24:10.468+0000] {taskinstance.py:2306} INFO - Starting attempt 1 of 6
[2025-06-21T09:24:10.474+0000] {taskinstance.py:2330} INFO - Executing <Task(PythonOperator): load_to_azure> on 2025-06-21 09:24:06.272780+00:00
[2025-06-21T09:24:10.479+0000] {standard_task_runner.py:90} INFO - Running: ['***', 'tasks', 'run', 'twitter_etl_dag', 'load_to_azure', 'manual__2025-06-21T09:24:06.272780+00:00', '--job-id', '24', '--raw', '--subdir', 'DAGS_FOLDER/twitter_etl_dag.py', '--cfg-path', '/tmp/tmpow9w5ix6']
[2025-06-21T09:24:10.482+0000] {standard_task_runner.py:91} INFO - Job 24: Subtask load_to_azure
[2025-06-21T09:24:10.482+0000] {logging_mixin.py:188} WARNING - /home/***/.local/lib/python3.12/site-packages/***/task/task_runner/standard_task_runner.py:61 DeprecationWarning: This process (pid=203) is multi-threaded, use of fork() may lead to deadlocks in the child.
[2025-06-21T09:24:10.483+0000] {standard_task_runner.py:63} INFO - Started process 204 to run task
[2025-06-21T09:24:10.511+0000] {task_command.py:426} INFO - Running <TaskInstance: twitter_etl_dag.load_to_azure manual__2025-06-21T09:24:06.272780+00:00 [running]> on host 79bfa6f87ac0
[2025-06-21T09:24:10.555+0000] {taskinstance.py:2648} INFO - Exporting env vars: AIRFLOW_CTX_DAG_OWNER='***' AIRFLOW_CTX_DAG_ID='twitter_etl_dag' AIRFLOW_CTX_TASK_ID='load_to_azure' AIRFLOW_CTX_EXECUTION_DATE='2025-06-21T09:24:06.272780+00:00' AIRFLOW_CTX_TRY_NUMBER='1' AIRFLOW_CTX_DAG_RUN_ID='manual__2025-06-21T09:24:06.272780+00:00'
[2025-06-21T09:24:10.556+0000] {taskinstance.py:430} INFO - ::endgroup::
[2025-06-21T09:24:10.563+0000] {twitter_etl_dag.py:89} INFO - Starting upload to Azure Blob Storage
[2025-06-21T09:24:10.568+0000] {_universal.py:514} INFO - Request URL: 'https://twitterstorage123.blob.core.windows.net/tweets?restype=REDACTED'
Request method: 'PUT'
Request headers:
    'x-ms-version': 'REDACTED'
    'Accept': 'application/xml'
    'User-Agent': 'azsdk-python-storage-blob/12.19.1 Python/3.12.3 (Linux-6.10.14-linuxkit-aarch64-with-glibc2.36)'
    'x-ms-date': 'REDACTED'
    'x-ms-client-request-id': '7d23064c-4e81-11f0-86a5-4ee461cc787a'
    'Authorization': 'REDACTED'
No body was attached to the request
[2025-06-21T09:24:11.013+0000] {_universal.py:550} INFO - Response status: 409
Response headers:
    'Content-Length': '230'
    'Content-Type': 'application/xml'
    'Server': 'Windows-Azure-Blob/1.0 Microsoft-HTTPAPI/2.0'
    'x-ms-request-id': 'f0491cb3-601e-00dc-388e-e2188c000000'
    'x-ms-client-request-id': '7d23064c-4e81-11f0-86a5-4ee461cc787a'
    'x-ms-version': 'REDACTED'
    'x-ms-error-code': 'ContainerAlreadyExists'
    'Date': 'Sat, 21 Jun 2025 09:24:10 GMT'
[2025-06-21T09:24:11.018+0000] {twitter_etl_dag.py:99} INFO - Container 'tweets' may already exist or error occurred: The specified container already exists.
RequestId:f0491cb3-601e-00dc-388e-e2188c000000
Time:2025-06-21T09:24:11.0695664Z
ErrorCode:ContainerAlreadyExists
Content: <?xml version="1.0" encoding="utf-8"?><Error><Code>ContainerAlreadyExists</Code><Message>The specified container already exists.
RequestId:f0491cb3-601e-00dc-388e-e2188c000000
Time:2025-06-21T09:24:11.0695664Z</Message></Error>
[2025-06-21T09:24:11.019+0000] {_universal.py:511} INFO - Request URL: 'https://twitterstorage123.blob.core.windows.net/tweets/elonmusk_tweets.json'
Request method: 'PUT'
Request headers:
    'Content-Length': '5418'
    'x-ms-blob-type': 'REDACTED'
    'x-ms-version': 'REDACTED'
    'Content-Type': 'application/octet-stream'
    'Accept': 'application/xml'
    'User-Agent': 'azsdk-python-storage-blob/12.19.1 Python/3.12.3 (Linux-6.10.14-linuxkit-aarch64-with-glibc2.36)'
    'x-ms-date': 'REDACTED'
    'x-ms-client-request-id': '7d67e53c-4e81-11f0-86a5-4ee461cc787a'
    'Authorization': 'REDACTED'
A body is sent with the request
[2025-06-21T09:24:11.099+0000] {_universal.py:550} INFO - Response status: 201
Response headers:
    'Content-Length': '0'
    'Content-MD5': 'REDACTED'
    'Last-Modified': 'Sat, 21 Jun 2025 09:24:11 GMT'
    'ETag': '"0x8DDB0A561AE4FCD"'
    'Server': 'Windows-Azure-Blob/1.0 Microsoft-HTTPAPI/2.0'
    'x-ms-request-id': 'f0491ce7-601e-00dc-648e-e2188c000000'
    'x-ms-client-request-id': '7d67e53c-4e81-11f0-86a5-4ee461cc787a'
    'x-ms-version': 'REDACTED'
    'x-ms-content-crc64': 'REDACTED'
    'x-ms-request-server-encrypted': 'REDACTED'
    'Date': 'Sat, 21 Jun 2025 09:24:10 GMT'
[2025-06-21T09:24:11.100+0000] {twitter_etl_dag.py:106} INFO - ✅ Uploaded transformed tweets to Azure Blob Storage.
[2025-06-21T09:24:11.102+0000] {python.py:237} INFO - Done. Returned value was: None
[2025-06-21T09:24:11.103+0000] {taskinstance.py:441} INFO - ::group::Post task execution logs
[2025-06-21T09:24:11.113+0000] {taskinstance.py:1206} INFO - Marking task as SUCCESS. dag_id=twitter_etl_dag, task_id=load_to_azure, run_id=manual__2025-06-21T09:24:06.272780+00:00, execution_date=20250621T092406, start_date=20250621T092410, end_date=20250621T092411
[2025-06-21T09:24:11.137+0000] {local_task_job_runner.py:240} INFO - Task exited with return code 0
[2025-06-21T09:24:11.149+0000] {taskinstance.py:3498} INFO - 0 downstream tasks scheduled from follow-on schedule check
[2025-06-21T09:24:11.149+0000] {local_task_job_runner.py:222} INFO - ::endgroup::
