[2025-06-21T09:00:56.725+0000] {local_task_job_runner.py:120} INFO - ::group::Pre task execution logs
[2025-06-21T09:00:56.739+0000] {taskinstance.py:2076} INFO - Dependencies all met for dep_context=non-requeueable deps ti=<TaskInstance: twitter_etl_dag.transform_tweets manual__2025-06-21T08:50:55.862805+00:00 [queued]>
[2025-06-21T09:00:56.742+0000] {taskinstance.py:2076} INFO - Dependencies all met for dep_context=requeueable deps ti=<TaskInstance: twitter_etl_dag.transform_tweets manual__2025-06-21T08:50:55.862805+00:00 [queued]>
[2025-06-21T09:00:56.742+0000] {taskinstance.py:2306} INFO - Starting attempt 1 of 6
[2025-06-21T09:00:56.748+0000] {taskinstance.py:2330} INFO - Executing <Task(PythonOperator): transform_tweets> on 2025-06-21 08:50:55.862805+00:00
[2025-06-21T09:00:56.752+0000] {standard_task_runner.py:90} INFO - Running: ['***', 'tasks', 'run', 'twitter_etl_dag', 'transform_tweets', 'manual__2025-06-21T08:50:55.862805+00:00', '--job-id', '15', '--raw', '--subdir', 'DAGS_FOLDER/twitter_etl_dag.py', '--cfg-path', '/tmp/tmpilu465k2']
[2025-06-21T09:00:56.754+0000] {standard_task_runner.py:91} INFO - Job 15: Subtask transform_tweets
[2025-06-21T09:00:56.753+0000] {logging_mixin.py:188} WARNING - /home/***/.local/lib/python3.12/site-packages/***/task/task_runner/standard_task_runner.py:61 DeprecationWarning: This process (pid=295) is multi-threaded, use of fork() may lead to deadlocks in the child.
[2025-06-21T09:00:56.754+0000] {standard_task_runner.py:63} INFO - Started process 296 to run task
[2025-06-21T09:00:56.773+0000] {task_command.py:426} INFO - Running <TaskInstance: twitter_etl_dag.transform_tweets manual__2025-06-21T08:50:55.862805+00:00 [running]> on host cbeabd6be8a4
[2025-06-21T09:00:56.809+0000] {taskinstance.py:2648} INFO - Exporting env vars: AIRFLOW_CTX_DAG_OWNER='***' AIRFLOW_CTX_DAG_ID='twitter_etl_dag' AIRFLOW_CTX_TASK_ID='transform_tweets' AIRFLOW_CTX_EXECUTION_DATE='2025-06-21T08:50:55.862805+00:00' AIRFLOW_CTX_TRY_NUMBER='1' AIRFLOW_CTX_DAG_RUN_ID='manual__2025-06-21T08:50:55.862805+00:00'
[2025-06-21T09:00:56.809+0000] {taskinstance.py:430} INFO - ::endgroup::
[2025-06-21T09:00:56.815+0000] {twitter_etl_dag.py:67} INFO - Starting tweet transformation
[2025-06-21T09:00:56.821+0000] {twitter_etl_dag.py:86} INFO - Transformed 10 tweets and saved to /opt/***/elonmusk_tweets.json
[2025-06-21T09:00:56.821+0000] {python.py:237} INFO - Done. Returned value was: None
[2025-06-21T09:00:56.821+0000] {taskinstance.py:441} INFO - ::group::Post task execution logs
[2025-06-21T09:00:56.824+0000] {taskinstance.py:1206} INFO - Marking task as SUCCESS. dag_id=twitter_etl_dag, task_id=transform_tweets, run_id=manual__2025-06-21T08:50:55.862805+00:00, execution_date=20250621T085055, start_date=20250621T090056, end_date=20250621T090056
[2025-06-21T09:00:56.854+0000] {local_task_job_runner.py:240} INFO - Task exited with return code 0
[2025-06-21T09:00:56.864+0000] {taskinstance.py:3498} INFO - 1 downstream tasks scheduled from follow-on schedule check
[2025-06-21T09:00:56.865+0000] {local_task_job_runner.py:222} INFO - ::endgroup::
