[2025-06-21T09:00:57.785+0000] {local_task_job_runner.py:120} INFO - ::group::Pre task execution logs
[2025-06-21T09:00:57.798+0000] {taskinstance.py:2076} INFO - Dependencies all met for dep_context=non-requeueable deps ti=<TaskInstance: twitter_etl_dag.load_to_azure manual__2025-06-21T08:50:55.862805+00:00 [queued]>
[2025-06-21T09:00:57.801+0000] {taskinstance.py:2076} INFO - Dependencies all met for dep_context=requeueable deps ti=<TaskInstance: twitter_etl_dag.load_to_azure manual__2025-06-21T08:50:55.862805+00:00 [queued]>
[2025-06-21T09:00:57.802+0000] {taskinstance.py:2306} INFO - Starting attempt 1 of 6
[2025-06-21T09:00:57.807+0000] {taskinstance.py:2330} INFO - Executing <Task(PythonOperator): load_to_azure> on 2025-06-21 08:50:55.862805+00:00
[2025-06-21T09:00:57.811+0000] {standard_task_runner.py:90} INFO - Running: ['***', 'tasks', 'run', 'twitter_etl_dag', 'load_to_azure', 'manual__2025-06-21T08:50:55.862805+00:00', '--job-id', '16', '--raw', '--subdir', 'DAGS_FOLDER/twitter_etl_dag.py', '--cfg-path', '/tmp/tmpjinm806b']
[2025-06-21T09:00:57.813+0000] {standard_task_runner.py:91} INFO - Job 16: Subtask load_to_azure
[2025-06-21T09:00:57.812+0000] {logging_mixin.py:188} WARNING - /home/***/.local/lib/python3.12/site-packages/***/task/task_runner/standard_task_runner.py:61 DeprecationWarning: This process (pid=297) is multi-threaded, use of fork() may lead to deadlocks in the child.
[2025-06-21T09:00:57.814+0000] {standard_task_runner.py:63} INFO - Started process 298 to run task
[2025-06-21T09:00:57.833+0000] {task_command.py:426} INFO - Running <TaskInstance: twitter_etl_dag.load_to_azure manual__2025-06-21T08:50:55.862805+00:00 [running]> on host cbeabd6be8a4
[2025-06-21T09:00:57.871+0000] {taskinstance.py:2648} INFO - Exporting env vars: AIRFLOW_CTX_DAG_OWNER='***' AIRFLOW_CTX_DAG_ID='twitter_etl_dag' AIRFLOW_CTX_TASK_ID='load_to_azure' AIRFLOW_CTX_EXECUTION_DATE='2025-06-21T08:50:55.862805+00:00' AIRFLOW_CTX_TRY_NUMBER='1' AIRFLOW_CTX_DAG_RUN_ID='manual__2025-06-21T08:50:55.862805+00:00'
[2025-06-21T09:00:57.871+0000] {taskinstance.py:430} INFO - ::endgroup::
[2025-06-21T09:00:57.877+0000] {twitter_etl_dag.py:89} INFO - Starting upload to Azure Blob Storage
[2025-06-21T09:00:57.883+0000] {_universal.py:514} INFO - Request URL: 'https://twitterstorage123.blob.core.windows.net/tweets?restype=REDACTED'
Request method: 'PUT'
Request headers:
    'x-ms-version': 'REDACTED'
    'Accept': 'application/xml'
    'User-Agent': 'azsdk-python-storage-blob/12.19.1 Python/3.12.3 (Linux-6.10.14-linuxkit-aarch64-with-glibc2.36)'
    'x-ms-date': 'REDACTED'
    'x-ms-client-request-id': '3f08395c-4e7e-11f0-821a-fa99d7ea6ce1'
    'Authorization': 'REDACTED'
No body was attached to the request
[2025-06-21T09:00:58.312+0000] {_universal.py:550} INFO - Response status: 409
Response headers:
    'Content-Length': '230'
    'Content-Type': 'application/xml'
    'Server': 'Windows-Azure-Blob/1.0 Microsoft-HTTPAPI/2.0'
    'x-ms-request-id': '19993cdc-f01e-00ce-438b-e2635c000000'
    'x-ms-client-request-id': '3f08395c-4e7e-11f0-821a-fa99d7ea6ce1'
    'x-ms-version': 'REDACTED'
    'x-ms-error-code': 'ContainerAlreadyExists'
    'Date': 'Sat, 21 Jun 2025 09:00:58 GMT'
[2025-06-21T09:00:58.315+0000] {twitter_etl_dag.py:99} INFO - Container 'tweets' may already exist or error occurred: The specified container already exists.
RequestId:19993cdc-f01e-00ce-438b-e2635c000000
Time:2025-06-21T09:00:58.3576220Z
ErrorCode:ContainerAlreadyExists
Content: <?xml version="1.0" encoding="utf-8"?><Error><Code>ContainerAlreadyExists</Code><Message>The specified container already exists.
RequestId:19993cdc-f01e-00ce-438b-e2635c000000
Time:2025-06-21T09:00:58.3576220Z</Message></Error>
[2025-06-21T09:00:58.316+0000] {_universal.py:511} INFO - Request URL: 'https://twitterstorage123.blob.core.windows.net/tweets/elonmusk_tweets.json'
Request method: 'PUT'
Request headers:
    'Content-Length': '5412'
    'x-ms-blob-type': 'REDACTED'
    'x-ms-version': 'REDACTED'
    'Content-Type': 'application/octet-stream'
    'Accept': 'application/xml'
    'User-Agent': 'azsdk-python-storage-blob/12.19.1 Python/3.12.3 (Linux-6.10.14-linuxkit-aarch64-with-glibc2.36)'
    'x-ms-date': 'REDACTED'
    'x-ms-client-request-id': '3f4a4536-4e7e-11f0-821a-fa99d7ea6ce1'
    'Authorization': 'REDACTED'
A body is sent with the request
[2025-06-21T09:00:58.397+0000] {_universal.py:550} INFO - Response status: 201
Response headers:
    'Content-Length': '0'
    'Content-MD5': 'REDACTED'
    'Last-Modified': 'Sat, 21 Jun 2025 09:00:58 GMT'
    'ETag': '"0x8DDB0A223900A07"'
    'Server': 'Windows-Azure-Blob/1.0 Microsoft-HTTPAPI/2.0'
    'x-ms-request-id': '19993d00-f01e-00ce-608b-e2635c000000'
    'x-ms-client-request-id': '3f4a4536-4e7e-11f0-821a-fa99d7ea6ce1'
    'x-ms-version': 'REDACTED'
    'x-ms-content-crc64': 'REDACTED'
    'x-ms-request-server-encrypted': 'REDACTED'
    'Date': 'Sat, 21 Jun 2025 09:00:58 GMT'
[2025-06-21T09:00:58.398+0000] {twitter_etl_dag.py:106} INFO - ✅ Uploaded transformed tweets to Azure Blob Storage.
[2025-06-21T09:00:58.398+0000] {python.py:237} INFO - Done. Returned value was: None
[2025-06-21T09:00:58.398+0000] {taskinstance.py:441} INFO - ::group::Post task execution logs
[2025-06-21T09:00:58.405+0000] {taskinstance.py:1206} INFO - Marking task as SUCCESS. dag_id=twitter_etl_dag, task_id=load_to_azure, run_id=manual__2025-06-21T08:50:55.862805+00:00, execution_date=20250621T085055, start_date=20250621T090057, end_date=20250621T090058
[2025-06-21T09:00:58.414+0000] {local_task_job_runner.py:240} INFO - Task exited with return code 0
[2025-06-21T09:00:58.425+0000] {taskinstance.py:3498} INFO - 0 downstream tasks scheduled from follow-on schedule check
[2025-06-21T09:00:58.426+0000] {local_task_job_runner.py:222} INFO - ::endgroup::
