[2025-06-21T09:24:09.668+0000] {local_task_job_runner.py:120} INFO - ::group::Pre task execution logs
[2025-06-21T09:24:09.685+0000] {taskinstance.py:2076} INFO - Dependencies all met for dep_context=non-requeueable deps ti=<TaskInstance: twitter_etl_dag.transform_tweets manual__2025-06-21T09:24:06.272780+00:00 [queued]>
[2025-06-21T09:24:09.690+0000] {taskinstance.py:2076} INFO - Dependencies all met for dep_context=requeueable deps ti=<TaskInstance: twitter_etl_dag.transform_tweets manual__2025-06-21T09:24:06.272780+00:00 [queued]>
[2025-06-21T09:24:09.690+0000] {taskinstance.py:2306} INFO - Starting attempt 1 of 6
[2025-06-21T09:24:09.697+0000] {taskinstance.py:2330} INFO - Executing <Task(PythonOperator): transform_tweets> on 2025-06-21 09:24:06.272780+00:00
[2025-06-21T09:24:09.701+0000] {standard_task_runner.py:90} INFO - Running: ['***', 'tasks', 'run', 'twitter_etl_dag', 'transform_tweets', 'manual__2025-06-21T09:24:06.272780+00:00', '--job-id', '23', '--raw', '--subdir', 'DAGS_FOLDER/twitter_etl_dag.py', '--cfg-path', '/tmp/tmp1suzyx90']
[2025-06-21T09:24:09.704+0000] {logging_mixin.py:188} WARNING - /home/***/.local/lib/python3.12/site-packages/***/task/task_runner/standard_task_runner.py:61 DeprecationWarning: This process (pid=201) is multi-threaded, use of fork() may lead to deadlocks in the child.
[2025-06-21T09:24:09.704+0000] {standard_task_runner.py:91} INFO - Job 23: Subtask transform_tweets
[2025-06-21T09:24:09.704+0000] {standard_task_runner.py:63} INFO - Started process 202 to run task
[2025-06-21T09:24:09.733+0000] {task_command.py:426} INFO - Running <TaskInstance: twitter_etl_dag.transform_tweets manual__2025-06-21T09:24:06.272780+00:00 [running]> on host 79bfa6f87ac0
[2025-06-21T09:24:09.780+0000] {taskinstance.py:2648} INFO - Exporting env vars: AIRFLOW_CTX_DAG_OWNER='***' AIRFLOW_CTX_DAG_ID='twitter_etl_dag' AIRFLOW_CTX_TASK_ID='transform_tweets' AIRFLOW_CTX_EXECUTION_DATE='2025-06-21T09:24:06.272780+00:00' AIRFLOW_CTX_TRY_NUMBER='1' AIRFLOW_CTX_DAG_RUN_ID='manual__2025-06-21T09:24:06.272780+00:00'
[2025-06-21T09:24:09.781+0000] {taskinstance.py:430} INFO - ::endgroup::
[2025-06-21T09:24:09.789+0000] {twitter_etl_dag.py:67} INFO - Starting tweet transformation
[2025-06-21T09:24:09.796+0000] {twitter_etl_dag.py:86} INFO - Transformed 10 tweets and saved to /opt/***/elonmusk_tweets.json
[2025-06-21T09:24:09.796+0000] {python.py:237} INFO - Done. Returned value was: None
[2025-06-21T09:24:09.796+0000] {taskinstance.py:441} INFO - ::group::Post task execution logs
[2025-06-21T09:24:09.802+0000] {taskinstance.py:1206} INFO - Marking task as SUCCESS. dag_id=twitter_etl_dag, task_id=transform_tweets, run_id=manual__2025-06-21T09:24:06.272780+00:00, execution_date=20250621T092406, start_date=20250621T092409, end_date=20250621T092409
[2025-06-21T09:24:09.845+0000] {local_task_job_runner.py:240} INFO - Task exited with return code 0
[2025-06-21T09:24:09.857+0000] {taskinstance.py:3498} INFO - 1 downstream tasks scheduled from follow-on schedule check
[2025-06-21T09:24:09.858+0000] {local_task_job_runner.py:222} INFO - ::endgroup::
